<?xml version="1.0" encoding="UTF-8"?>
<!-- Generated by org.testng.reporters.JUnitReportReporter -->
<testsuite hostname="G-PC" failures="0" tests="1" name="HelloSeleniumTest" time="4.813" errors="0" timestamp="2022-03-13T20:02:46 EET" skipped="0">
  <testcase classname="HelloSeleniumTest" name="Test3" time="4.813"/>
  <system-out/>
</testsuite> <!-- HelloSeleniumTest -->
